2024-11-08 09:24:48.691 [main] INFO  com.globant.academy.javaAcademyApp - Library products above 100:
7 | LIBRARY | Harry Potter | 110.0
8 | LIBRARY | Java 8 | 200.0

2024-11-08 09:24:48.707 [main] INFO  com.globant.academy.javaAcademyApp - Total price:  2480.0
2024-11-08 09:24:48.707 [main] INFO  com.globant.academy.javaAcademyApp - Electronic products´ total price: 1900.0
2024-11-08 09:24:48.722 [main] INFO  com.globant.academy.javaAcademyApp -
Cart: Cart ID | ID | PRODUCT TYPE | PRODUCT NAME | PRICE | QUANTITY
1 | 12 | OTHERS | Coat | 10.0 | 1
1 | 13 | OTHERS | Tooth paste | 10.0 | 1
1 | 6 | LIBRARY | Pencil | 50.0 | 1
1 | 2 | ELECTRONIC | CPU | 100.0 | 1
1 | 7 | LIBRARY | Harry Potter | 110.0 | 1
1 | 3 | ELECTRONIC | Mouse | 200.0 | 1
1 | 8 | LIBRARY | Java 8 | 200.0 | 1
1 | 11 | OTHERS | T-shirt | 200.0 | 1
1 | 4 | ELECTRONIC | Keyboard | 600.0 | 1
1 | 1 | ELECTRONIC | TV | 1000.0 | 2

2024-11-08 15:24:50.014 [main] INFO  com.globant.academy.repository.CustomerRepository - Customer created successfully!
2024-11-08 15:24:50.074 [main] INFO  com.globant.academy.javaAcademyApp - Library products above 100:
7 | LIBRARY | Harry Potter | 110.0
8 | LIBRARY | Java 8 | 200.0

2024-11-08 15:24:50.080 [main] INFO  com.globant.academy.javaAcademyApp - Total price:  2480.0
2024-11-08 15:24:50.081 [main] INFO  com.globant.academy.javaAcademyApp - Electronic products´ total price: 1900.0
2024-11-08 15:24:50.093 [main] INFO  com.globant.academy.javaAcademyApp -
Cart: Cart ID | ID | PRODUCT TYPE | PRODUCT NAME | PRICE | QUANTITY
1 | 12 | OTHERS | Coat | 10.0 | 1
1 | 13 | OTHERS | Tooth paste | 10.0 | 1
1 | 6 | LIBRARY | Pencil | 50.0 | 1
1 | 2 | ELECTRONIC | CPU | 100.0 | 1
1 | 7 | LIBRARY | Harry Potter | 110.0 | 1
1 | 3 | ELECTRONIC | Mouse | 200.0 | 1
1 | 8 | LIBRARY | Java 8 | 200.0 | 1
1 | 11 | OTHERS | T-shirt | 200.0 | 1
1 | 4 | ELECTRONIC | Keyboard | 600.0 | 1
1 | 1 | ELECTRONIC | TV | 1000.0 | 2

2024-11-08 15:55:27.635 [main] ERROR com.globant.academy.repository.CustomerRepository - Customer update failed.
2024-11-08 15:55:27.710 [main] INFO  com.globant.academy.javaAcademyApp - Library products above 100:
7 | LIBRARY | Harry Potter | 110.0
8 | LIBRARY | Java 8 | 200.0

2024-11-08 15:55:27.716 [main] INFO  com.globant.academy.javaAcademyApp - Total price:  2480.0
2024-11-08 15:55:27.719 [main] INFO  com.globant.academy.javaAcademyApp - Electronic products´ total price: 1900.0
2024-11-08 15:55:27.736 [main] INFO  com.globant.academy.javaAcademyApp -
Cart: Cart ID | ID | PRODUCT TYPE | PRODUCT NAME | PRICE | QUANTITY
1 | 12 | OTHERS | Coat | 10.0 | 1
1 | 13 | OTHERS | Tooth paste | 10.0 | 1
1 | 6 | LIBRARY | Pencil | 50.0 | 1
1 | 2 | ELECTRONIC | CPU | 100.0 | 1
1 | 7 | LIBRARY | Harry Potter | 110.0 | 1
1 | 3 | ELECTRONIC | Mouse | 200.0 | 1
1 | 8 | LIBRARY | Java 8 | 200.0 | 1
1 | 11 | OTHERS | T-shirt | 200.0 | 1
1 | 4 | ELECTRONIC | Keyboard | 600.0 | 1
1 | 1 | ELECTRONIC | TV | 1000.0 | 2

2024-11-08 15:56:26.512 [main] ERROR com.globant.academy.repository.CustomerRepository - Customer update failed.
2024-11-08 15:56:26.566 [main] INFO  com.globant.academy.javaAcademyApp - Library products above 100:
7 | LIBRARY | Harry Potter | 110.0
8 | LIBRARY | Java 8 | 200.0

2024-11-08 15:56:26.569 [main] INFO  com.globant.academy.javaAcademyApp - Total price:  2480.0
2024-11-08 15:56:26.570 [main] INFO  com.globant.academy.javaAcademyApp - Electronic products´ total price: 1900.0
2024-11-08 15:56:26.582 [main] INFO  com.globant.academy.javaAcademyApp -
Cart: Cart ID | ID | PRODUCT TYPE | PRODUCT NAME | PRICE | QUANTITY
1 | 12 | OTHERS | Coat | 10.0 | 1
1 | 13 | OTHERS | Tooth paste | 10.0 | 1
1 | 6 | LIBRARY | Pencil | 50.0 | 1
1 | 2 | ELECTRONIC | CPU | 100.0 | 1
1 | 7 | LIBRARY | Harry Potter | 110.0 | 1
1 | 3 | ELECTRONIC | Mouse | 200.0 | 1
1 | 8 | LIBRARY | Java 8 | 200.0 | 1
1 | 11 | OTHERS | T-shirt | 200.0 | 1
1 | 4 | ELECTRONIC | Keyboard | 600.0 | 1
1 | 1 | ELECTRONIC | TV | 1000.0 | 2

2024-11-08 15:57:07.395 [main] ERROR com.globant.academy.repository.CustomerRepository - Customer update failed.
2024-11-08 15:57:07.456 [main] INFO  com.globant.academy.javaAcademyApp - Library products above 100:
7 | LIBRARY | Harry Potter | 110.0
8 | LIBRARY | Java 8 | 200.0

2024-11-08 15:57:07.461 [main] INFO  com.globant.academy.javaAcademyApp - Total price:  2480.0
2024-11-08 15:57:07.463 [main] INFO  com.globant.academy.javaAcademyApp - Electronic products´ total price: 1900.0
2024-11-08 15:57:07.475 [main] INFO  com.globant.academy.javaAcademyApp -
Cart: Cart ID | ID | PRODUCT TYPE | PRODUCT NAME | PRICE | QUANTITY
1 | 12 | OTHERS | Coat | 10.0 | 1
1 | 13 | OTHERS | Tooth paste | 10.0 | 1
1 | 6 | LIBRARY | Pencil | 50.0 | 1
1 | 2 | ELECTRONIC | CPU | 100.0 | 1
1 | 7 | LIBRARY | Harry Potter | 110.0 | 1
1 | 3 | ELECTRONIC | Mouse | 200.0 | 1
1 | 8 | LIBRARY | Java 8 | 200.0 | 1
1 | 11 | OTHERS | T-shirt | 200.0 | 1
1 | 4 | ELECTRONIC | Keyboard | 600.0 | 1
1 | 1 | ELECTRONIC | TV | 1000.0 | 2

2024-11-08 16:00:29.852 [main] ERROR com.globant.academy.repository.CustomerRepository - Customer update failed. No rows were affected.
2024-11-08 16:00:29.916 [main] INFO  com.globant.academy.javaAcademyApp - Library products above 100:
7 | LIBRARY | Harry Potter | 110.0
8 | LIBRARY | Java 8 | 200.0

2024-11-08 16:00:29.920 [main] INFO  com.globant.academy.javaAcademyApp - Total price:  2480.0
2024-11-08 16:00:29.922 [main] INFO  com.globant.academy.javaAcademyApp - Electronic products´ total price: 1900.0
2024-11-08 16:00:29.936 [main] INFO  com.globant.academy.javaAcademyApp -
Cart: Cart ID | ID | PRODUCT TYPE | PRODUCT NAME | PRICE | QUANTITY
1 | 12 | OTHERS | Coat | 10.0 | 1
1 | 13 | OTHERS | Tooth paste | 10.0 | 1
1 | 6 | LIBRARY | Pencil | 50.0 | 1
1 | 2 | ELECTRONIC | CPU | 100.0 | 1
1 | 7 | LIBRARY | Harry Potter | 110.0 | 1
1 | 3 | ELECTRONIC | Mouse | 200.0 | 1
1 | 8 | LIBRARY | Java 8 | 200.0 | 1
1 | 11 | OTHERS | T-shirt | 200.0 | 1
1 | 4 | ELECTRONIC | Keyboard | 600.0 | 1
1 | 1 | ELECTRONIC | TV | 1000.0 | 2

2024-11-08 16:05:48.994 [main] ERROR com.globant.academy.repository.CustomerRepository - Customer update failed.
2024-11-08 16:05:49.055 [main] INFO  com.globant.academy.javaAcademyApp - Library products above 100:
7 | LIBRARY | Harry Potter | 110.0
8 | LIBRARY | Java 8 | 200.0

2024-11-08 16:05:49.060 [main] INFO  com.globant.academy.javaAcademyApp - Total price:  2480.0
2024-11-08 16:05:49.061 [main] INFO  com.globant.academy.javaAcademyApp - Electronic products´ total price: 1900.0
2024-11-08 16:05:49.075 [main] INFO  com.globant.academy.javaAcademyApp -
Cart: Cart ID | ID | PRODUCT TYPE | PRODUCT NAME | PRICE | QUANTITY
1 | 12 | OTHERS | Coat | 10.0 | 1
1 | 13 | OTHERS | Tooth paste | 10.0 | 1
1 | 6 | LIBRARY | Pencil | 50.0 | 1
1 | 2 | ELECTRONIC | CPU | 100.0 | 1
1 | 7 | LIBRARY | Harry Potter | 110.0 | 1
1 | 3 | ELECTRONIC | Mouse | 200.0 | 1
1 | 8 | LIBRARY | Java 8 | 200.0 | 1
1 | 11 | OTHERS | T-shirt | 200.0 | 1
1 | 4 | ELECTRONIC | Keyboard | 600.0 | 1
1 | 1 | ELECTRONIC | TV | 1000.0 | 2

2024-11-08 16:06:57.827 [main] ERROR com.globant.academy.repository.CustomerRepository - Customer update failed.
2024-11-08 16:06:57.911 [main] INFO  com.globant.academy.javaAcademyApp - Library products above 100:
7 | LIBRARY | Harry Potter | 110.0
8 | LIBRARY | Java 8 | 200.0

2024-11-08 16:06:57.917 [main] INFO  com.globant.academy.javaAcademyApp - Total price:  2480.0
2024-11-08 16:06:57.919 [main] INFO  com.globant.academy.javaAcademyApp - Electronic products´ total price: 1900.0
2024-11-08 16:06:57.933 [main] INFO  com.globant.academy.javaAcademyApp -
Cart: Cart ID | ID | PRODUCT TYPE | PRODUCT NAME | PRICE | QUANTITY
1 | 12 | OTHERS | Coat | 10.0 | 1
1 | 13 | OTHERS | Tooth paste | 10.0 | 1
1 | 6 | LIBRARY | Pencil | 50.0 | 1
1 | 2 | ELECTRONIC | CPU | 100.0 | 1
1 | 7 | LIBRARY | Harry Potter | 110.0 | 1
1 | 3 | ELECTRONIC | Mouse | 200.0 | 1
1 | 8 | LIBRARY | Java 8 | 200.0 | 1
1 | 11 | OTHERS | T-shirt | 200.0 | 1
1 | 4 | ELECTRONIC | Keyboard | 600.0 | 1
1 | 1 | ELECTRONIC | TV | 1000.0 | 2

2024-11-08 16:10:53.628 [main] ERROR com.globant.academy.repository.CustomerRepository - Customer update failed.
2024-11-08 16:10:53.685 [main] INFO  com.globant.academy.javaAcademyApp - Library products above 100:
7 | LIBRARY | Harry Potter | 110.0
8 | LIBRARY | Java 8 | 200.0

2024-11-08 16:10:53.690 [main] INFO  com.globant.academy.javaAcademyApp - Total price:  2480.0
2024-11-08 16:10:53.691 [main] INFO  com.globant.academy.javaAcademyApp - Electronic products´ total price: 1900.0
2024-11-08 16:10:53.700 [main] INFO  com.globant.academy.javaAcademyApp -
Cart: Cart ID | ID | PRODUCT TYPE | PRODUCT NAME | PRICE | QUANTITY
1 | 12 | OTHERS | Coat | 10.0 | 1
1 | 13 | OTHERS | Tooth paste | 10.0 | 1
1 | 6 | LIBRARY | Pencil | 50.0 | 1
1 | 2 | ELECTRONIC | CPU | 100.0 | 1
1 | 7 | LIBRARY | Harry Potter | 110.0 | 1
1 | 3 | ELECTRONIC | Mouse | 200.0 | 1
1 | 8 | LIBRARY | Java 8 | 200.0 | 1
1 | 11 | OTHERS | T-shirt | 200.0 | 1
1 | 4 | ELECTRONIC | Keyboard | 600.0 | 1
1 | 1 | ELECTRONIC | TV | 1000.0 | 2

2024-11-08 16:13:48.497 [main] INFO  com.globant.academy.repository.CustomerRepository - Customer updated successfully!
2024-11-08 16:13:48.557 [main] INFO  com.globant.academy.javaAcademyApp - Library products above 100:
7 | LIBRARY | Harry Potter | 110.0
8 | LIBRARY | Java 8 | 200.0

2024-11-08 16:13:48.563 [main] INFO  com.globant.academy.javaAcademyApp - Total price:  2480.0
2024-11-08 16:13:48.565 [main] INFO  com.globant.academy.javaAcademyApp - Electronic products´ total price: 1900.0
2024-11-08 16:13:48.576 [main] INFO  com.globant.academy.javaAcademyApp -
Cart: Cart ID | ID | PRODUCT TYPE | PRODUCT NAME | PRICE | QUANTITY
1 | 12 | OTHERS | Coat | 10.0 | 1
1 | 13 | OTHERS | Tooth paste | 10.0 | 1
1 | 6 | LIBRARY | Pencil | 50.0 | 1
1 | 2 | ELECTRONIC | CPU | 100.0 | 1
1 | 7 | LIBRARY | Harry Potter | 110.0 | 1
1 | 3 | ELECTRONIC | Mouse | 200.0 | 1
1 | 8 | LIBRARY | Java 8 | 200.0 | 1
1 | 11 | OTHERS | T-shirt | 200.0 | 1
1 | 4 | ELECTRONIC | Keyboard | 600.0 | 1
1 | 1 | ELECTRONIC | TV | 1000.0 | 2

2024-11-08 16:22:06.764 [main] INFO  com.globant.academy.javaAcademyApp - Library products above 100:
7 | LIBRARY | Harry Potter | 110.0
8 | LIBRARY | Java 8 | 200.0

2024-11-08 16:22:06.777 [main] INFO  com.globant.academy.javaAcademyApp - Total price:  2480.0
2024-11-08 16:22:06.779 [main] INFO  com.globant.academy.javaAcademyApp - Electronic products´ total price: 1900.0
2024-11-08 16:22:06.792 [main] INFO  com.globant.academy.javaAcademyApp -
Cart: Cart ID | ID | PRODUCT TYPE | PRODUCT NAME | PRICE | QUANTITY
1 | 12 | OTHERS | Coat | 10.0 | 1
1 | 13 | OTHERS | Tooth paste | 10.0 | 1
1 | 6 | LIBRARY | Pencil | 50.0 | 1
1 | 2 | ELECTRONIC | CPU | 100.0 | 1
1 | 7 | LIBRARY | Harry Potter | 110.0 | 1
1 | 3 | ELECTRONIC | Mouse | 200.0 | 1
1 | 8 | LIBRARY | Java 8 | 200.0 | 1
1 | 11 | OTHERS | T-shirt | 200.0 | 1
1 | 4 | ELECTRONIC | Keyboard | 600.0 | 1
1 | 1 | ELECTRONIC | TV | 1000.0 | 2

2024-11-08 16:35:03.440 [main] INFO  com.globant.academy.repository.CustomerRepository - Customer created successfully!
2024-11-08 16:35:03.512 [main] INFO  com.globant.academy.javaAcademyApp - Library products above 100:
7 | LIBRARY | Harry Potter | 110.0
8 | LIBRARY | Java 8 | 200.0

2024-11-08 16:35:03.516 [main] INFO  com.globant.academy.javaAcademyApp - Total price:  2480.0
2024-11-08 16:35:03.517 [main] INFO  com.globant.academy.javaAcademyApp - Electronic products´ total price: 1900.0
2024-11-08 16:35:03.529 [main] INFO  com.globant.academy.javaAcademyApp -
Cart: Cart ID | ID | PRODUCT TYPE | PRODUCT NAME | PRICE | QUANTITY
1 | 12 | OTHERS | Coat | 10.0 | 1
1 | 13 | OTHERS | Tooth paste | 10.0 | 1
1 | 6 | LIBRARY | Pencil | 50.0 | 1
1 | 2 | ELECTRONIC | CPU | 100.0 | 1
1 | 7 | LIBRARY | Harry Potter | 110.0 | 1
1 | 3 | ELECTRONIC | Mouse | 200.0 | 1
1 | 8 | LIBRARY | Java 8 | 200.0 | 1
1 | 11 | OTHERS | T-shirt | 200.0 | 1
1 | 4 | ELECTRONIC | Keyboard | 600.0 | 1
1 | 1 | ELECTRONIC | TV | 1000.0 | 2

2024-11-08 16:36:27.498 [main] INFO  com.globant.academy.javaAcademyApp - Library products above 100:
7 | LIBRARY | Harry Potter | 110.0
8 | LIBRARY | Java 8 | 200.0

2024-11-08 16:36:27.508 [main] INFO  com.globant.academy.javaAcademyApp - Total price:  2480.0
2024-11-08 16:36:27.510 [main] INFO  com.globant.academy.javaAcademyApp - Electronic products´ total price: 1900.0
2024-11-08 16:36:27.524 [main] INFO  com.globant.academy.javaAcademyApp -
Cart: Cart ID | ID | PRODUCT TYPE | PRODUCT NAME | PRICE | QUANTITY
1 | 12 | OTHERS | Coat | 10.0 | 1
1 | 13 | OTHERS | Tooth paste | 10.0 | 1
1 | 6 | LIBRARY | Pencil | 50.0 | 1
1 | 2 | ELECTRONIC | CPU | 100.0 | 1
1 | 7 | LIBRARY | Harry Potter | 110.0 | 1
1 | 3 | ELECTRONIC | Mouse | 200.0 | 1
1 | 8 | LIBRARY | Java 8 | 200.0 | 1
1 | 11 | OTHERS | T-shirt | 200.0 | 1
1 | 4 | ELECTRONIC | Keyboard | 600.0 | 1
1 | 1 | ELECTRONIC | TV | 1000.0 | 2

2024-11-08 16:37:06.125 [main] INFO  com.globant.academy.javaAcademyApp - Library products above 100:
7 | LIBRARY | Harry Potter | 110.0
8 | LIBRARY | Java 8 | 200.0

2024-11-08 16:37:06.135 [main] INFO  com.globant.academy.javaAcademyApp - Total price:  2480.0
2024-11-08 16:37:06.138 [main] INFO  com.globant.academy.javaAcademyApp - Electronic products´ total price: 1900.0
2024-11-08 16:37:06.150 [main] INFO  com.globant.academy.javaAcademyApp -
Cart: Cart ID | ID | PRODUCT TYPE | PRODUCT NAME | PRICE | QUANTITY
1 | 12 | OTHERS | Coat | 10.0 | 1
1 | 13 | OTHERS | Tooth paste | 10.0 | 1
1 | 6 | LIBRARY | Pencil | 50.0 | 1
1 | 2 | ELECTRONIC | CPU | 100.0 | 1
1 | 7 | LIBRARY | Harry Potter | 110.0 | 1
1 | 3 | ELECTRONIC | Mouse | 200.0 | 1
1 | 8 | LIBRARY | Java 8 | 200.0 | 1
1 | 11 | OTHERS | T-shirt | 200.0 | 1
1 | 4 | ELECTRONIC | Keyboard | 600.0 | 1
1 | 1 | ELECTRONIC | TV | 1000.0 | 2

2024-11-08 16:40:05.165 [main] ERROR com.globant.academy.repository.CustomerRepository - Customer update failed.
2024-11-08 16:40:05.177 [main] ERROR com.globant.academy.repository.CustomerRepository - Could not delete customer
2024-11-08 16:40:05.229 [main] INFO  com.globant.academy.javaAcademyApp - Library products above 100:
7 | LIBRARY | Harry Potter | 110.0
8 | LIBRARY | Java 8 | 200.0

2024-11-08 16:40:05.233 [main] INFO  com.globant.academy.javaAcademyApp - Total price:  2480.0
2024-11-08 16:40:05.234 [main] INFO  com.globant.academy.javaAcademyApp - Electronic products´ total price: 1900.0
2024-11-08 16:40:05.249 [main] INFO  com.globant.academy.javaAcademyApp -
Cart: Cart ID | ID | PRODUCT TYPE | PRODUCT NAME | PRICE | QUANTITY
1 | 12 | OTHERS | Coat | 10.0 | 1
1 | 13 | OTHERS | Tooth paste | 10.0 | 1
1 | 6 | LIBRARY | Pencil | 50.0 | 1
1 | 2 | ELECTRONIC | CPU | 100.0 | 1
1 | 7 | LIBRARY | Harry Potter | 110.0 | 1
1 | 3 | ELECTRONIC | Mouse | 200.0 | 1
1 | 8 | LIBRARY | Java 8 | 200.0 | 1
1 | 11 | OTHERS | T-shirt | 200.0 | 1
1 | 4 | ELECTRONIC | Keyboard | 600.0 | 1
1 | 1 | ELECTRONIC | TV | 1000.0 | 2

2024-11-08 16:40:47.254 [main] INFO  com.globant.academy.repository.CustomerRepository - Customer created successfully!
2024-11-08 16:40:47.269 [main] ERROR com.globant.academy.repository.CustomerRepository - Customer update failed.
2024-11-08 16:40:47.271 [main] ERROR com.globant.academy.repository.CustomerRepository - Could not delete customer
2024-11-08 16:40:47.317 [main] INFO  com.globant.academy.javaAcademyApp - Library products above 100:
7 | LIBRARY | Harry Potter | 110.0
8 | LIBRARY | Java 8 | 200.0

2024-11-08 16:40:47.321 [main] INFO  com.globant.academy.javaAcademyApp - Total price:  2480.0
2024-11-08 16:40:47.324 [main] INFO  com.globant.academy.javaAcademyApp - Electronic products´ total price: 1900.0
2024-11-08 16:40:47.334 [main] INFO  com.globant.academy.javaAcademyApp -
Cart: Cart ID | ID | PRODUCT TYPE | PRODUCT NAME | PRICE | QUANTITY
1 | 12 | OTHERS | Coat | 10.0 | 1
1 | 13 | OTHERS | Tooth paste | 10.0 | 1
1 | 6 | LIBRARY | Pencil | 50.0 | 1
1 | 2 | ELECTRONIC | CPU | 100.0 | 1
1 | 7 | LIBRARY | Harry Potter | 110.0 | 1
1 | 3 | ELECTRONIC | Mouse | 200.0 | 1
1 | 8 | LIBRARY | Java 8 | 200.0 | 1
1 | 11 | OTHERS | T-shirt | 200.0 | 1
1 | 4 | ELECTRONIC | Keyboard | 600.0 | 1
1 | 1 | ELECTRONIC | TV | 1000.0 | 2

2024-11-08 16:41:20.521 [main] INFO  com.globant.academy.repository.CustomerRepository - Customer created successfully!
2024-11-08 16:41:20.536 [main] INFO  com.globant.academy.repository.CustomerRepository - Customer updated successfully!
2024-11-08 16:41:20.540 [main] INFO  com.globant.academy.repository.CustomerRepository - Customer deleted successfully!
2024-11-08 16:41:20.591 [main] INFO  com.globant.academy.javaAcademyApp - Library products above 100:
7 | LIBRARY | Harry Potter | 110.0
8 | LIBRARY | Java 8 | 200.0

2024-11-08 16:41:20.596 [main] INFO  com.globant.academy.javaAcademyApp - Total price:  2480.0
2024-11-08 16:41:20.599 [main] INFO  com.globant.academy.javaAcademyApp - Electronic products´ total price: 1900.0
2024-11-08 16:41:20.611 [main] INFO  com.globant.academy.javaAcademyApp -
Cart: Cart ID | ID | PRODUCT TYPE | PRODUCT NAME | PRICE | QUANTITY
1 | 12 | OTHERS | Coat | 10.0 | 1
1 | 13 | OTHERS | Tooth paste | 10.0 | 1
1 | 6 | LIBRARY | Pencil | 50.0 | 1
1 | 2 | ELECTRONIC | CPU | 100.0 | 1
1 | 7 | LIBRARY | Harry Potter | 110.0 | 1
1 | 3 | ELECTRONIC | Mouse | 200.0 | 1
1 | 8 | LIBRARY | Java 8 | 200.0 | 1
1 | 11 | OTHERS | T-shirt | 200.0 | 1
1 | 4 | ELECTRONIC | Keyboard | 600.0 | 1
1 | 1 | ELECTRONIC | TV | 1000.0 | 2

