2024-11-13 09:34:10.423 [main] ERROR com.globant.academy.model.CartItem - Validation failed: Id cannot be null.
2024-11-13 09:34:10.454 [main] ERROR com.globant.academy.model.CartItem - Validation failed: quantity must be greater than 0
2024-11-13 09:34:10.470 [main] ERROR com.globant.academy.model.CartItem - Validation failed: quantity cannot be null.
2024-11-13 09:34:10.485 [main] ERROR com.globant.academy.model.CartItem - Validation failed: Product cannot be null.
2024-11-13 09:34:10.510 [main] ERROR com.globant.academy.model.Customer - Phone cannot be null
2024-11-13 09:34:10.510 [main] ERROR com.globant.academy.model.Customer - Birthdate cannot be null
2024-11-13 09:34:10.517 [main] ERROR com.globant.academy.model.Customer - Name cannot be null
2024-11-13 09:34:10.517 [main] ERROR com.globant.academy.model.Customer - IDNumber cannot be null
2024-11-13 09:34:10.533 [main] ERROR com.globant.academy.model.Customer - Lastname cannot be null
2024-11-13 09:34:10.533 [main] ERROR com.globant.academy.model.Customer - Email cannot be null
2024-11-13 09:34:10.542 [main] ERROR com.globant.academy.model.Customer - ID cannot be null
2024-11-13 09:34:10.553 [main] ERROR com.globant.academy.model.Product - Description cannot be null
2024-11-13 09:34:10.565 [main] ERROR com.globant.academy.model.Product - Name cannot be null
2024-11-13 09:34:10.575 [main] ERROR com.globant.academy.model.Product - ID cannot be null
2024-11-13 09:34:10.581 [main] ERROR com.globant.academy.model.Product - Type cannot be null
2024-11-13 09:34:10.593 [main] ERROR com.globant.academy.model.Product - Price cannot be null
2024-11-13 09:34:10.643 [main] ERROR com.globant.academy.model.ShoppingCart - Customer cannot be null
2024-11-13 09:34:10.648 [main] ERROR com.globant.academy.model.ShoppingCart - ID cannot be null
2024-11-13 09:34:11.785 [main] INFO  com.globant.academy.repository.CustomerRepository - Customer created successfully!
2024-11-13 09:34:11.857 [main] INFO  com.globant.academy.repository.CustomerRepository - Customer created successfully!
2024-11-13 09:34:11.863 [main] INFO  com.globant.academy.repository.CustomerRepository - Customer deleted successfully!
2024-11-13 09:34:11.875 [main] INFO  com.globant.academy.repository.CustomerRepository - Customer created successfully!
2024-11-13 09:34:11.882 [main] INFO  com.globant.academy.repository.CustomerRepository - Customer updated successfully!
2024-11-13 09:34:11.946 [main] INFO  com.globant.academy.repository.ProductRepository - Product created successfully!
2024-11-13 09:34:11.952 [main] INFO  com.globant.academy.repository.ProductRepository - Product created successfully!
2024-11-13 09:34:11.996 [main] INFO  com.globant.academy.repository.ProductRepository - Product created successfully!
2024-11-13 09:34:12.038 [main] INFO  com.globant.academy.repository.ProductRepository - Product created successfully!
2024-11-13 09:34:12.040 [main] INFO  com.globant.academy.repository.ProductRepository - Product updated successfully
2024-11-13 09:34:12.083 [main] INFO  com.globant.academy.repository.ShoppingCartRepository - Cart created successfully!
2024-11-13 11:23:56.041 [main] INFO  com.globant.academy.repository.CustomerRepository - One product added successfully
2024-11-13 11:25:46.750 [main] INFO  com.globant.academy.repository.CustomerRepository - One product added successfully
2024-11-13 11:26:48.048 [main] INFO  com.globant.academy.repository.CustomerRepository - One product added successfully
2024-11-13 11:28:01.897 [main] INFO  com.globant.academy.repository.CustomerRepository - One product added successfully
2024-11-13 11:37:58.015 [main] INFO  com.globant.academy.repository.CustomerRepository - One product added successfully
2024-11-13 11:40:22.858 [main] INFO  com.globant.academy.repository.CustomerRepository - One product added successfully
2024-11-13 11:40:22.898 [main] INFO  com.globant.academy.repository.ShoppingCartRepository - Cart created successfully!
2024-11-13 11:40:22.917 [main] INFO  com.globant.academy.repository.CustomerRepository - Customer created successfully!
2024-11-13 11:40:22.922 [main] INFO  com.globant.academy.repository.CustomerRepository - Customer created successfully!
2024-11-13 11:40:22.923 [main] INFO  com.globant.academy.repository.CustomerRepository - Customer deleted successfully!
2024-11-13 11:40:22.928 [main] INFO  com.globant.academy.repository.CustomerRepository - Customer created successfully!
2024-11-13 11:40:22.930 [main] INFO  com.globant.academy.repository.CustomerRepository - Customer updated successfully!
2024-11-13 11:40:22.941 [main] INFO  com.globant.academy.repository.ProductRepository - Product created successfully!
2024-11-13 11:40:22.941 [main] INFO  com.globant.academy.repository.ProductRepository - Product created successfully!
2024-11-13 11:40:22.951 [main] INFO  com.globant.academy.repository.ProductRepository - Product created successfully!
2024-11-13 11:40:22.965 [main] INFO  com.globant.academy.repository.ProductRepository - Product created successfully!
2024-11-13 11:40:22.965 [main] INFO  com.globant.academy.repository.ProductRepository - Product updated successfully
2024-11-13 11:40:34.391 [main] ERROR com.globant.academy.model.ShoppingCart - Customer cannot be null
2024-11-13 11:40:34.398 [main] ERROR com.globant.academy.model.ShoppingCart - ID cannot be null
2024-11-13 11:40:34.630 [main] INFO  com.globant.academy.repository.CustomerRepository - One product added successfully
2024-11-13 11:40:34.651 [main] INFO  com.globant.academy.repository.ShoppingCartRepository - Cart created successfully!
2024-11-13 11:40:34.666 [main] ERROR com.globant.academy.model.Product - Description cannot be null
2024-11-13 11:40:34.672 [main] ERROR com.globant.academy.model.Product - Name cannot be null
2024-11-13 11:40:34.675 [main] ERROR com.globant.academy.model.Product - ID cannot be null
2024-11-13 11:40:34.675 [main] ERROR com.globant.academy.model.Product - Type cannot be null
2024-11-13 11:40:34.681 [main] ERROR com.globant.academy.model.Product - Price cannot be null
2024-11-13 11:40:34.689 [main] INFO  com.globant.academy.repository.CustomerRepository - Customer created successfully!
2024-11-13 11:40:34.695 [main] INFO  com.globant.academy.repository.CustomerRepository - Customer created successfully!
2024-11-13 11:40:34.697 [main] INFO  com.globant.academy.repository.CustomerRepository - Customer deleted successfully!
2024-11-13 11:40:34.697 [main] INFO  com.globant.academy.repository.CustomerRepository - Customer created successfully!
2024-11-13 11:40:34.704 [main] INFO  com.globant.academy.repository.CustomerRepository - Customer updated successfully!
2024-11-13 11:40:34.711 [main] ERROR com.globant.academy.model.Customer - Phone cannot be null
2024-11-13 11:40:34.711 [main] ERROR com.globant.academy.model.Customer - Birthdate cannot be null
2024-11-13 11:40:34.716 [main] ERROR com.globant.academy.model.Customer - Name cannot be null
2024-11-13 11:40:34.719 [main] ERROR com.globant.academy.model.Customer - IDNumber cannot be null
2024-11-13 11:40:34.722 [main] ERROR com.globant.academy.model.Customer - Lastname cannot be null
2024-11-13 11:40:34.722 [main] ERROR com.globant.academy.model.Customer - Email cannot be null
2024-11-13 11:40:34.727 [main] ERROR com.globant.academy.model.Customer - ID cannot be null
2024-11-13 11:40:34.729 [main] ERROR com.globant.academy.model.CartItem - Validation failed: Id cannot be null.
2024-11-13 11:40:34.732 [main] ERROR com.globant.academy.model.CartItem - Validation failed: quantity must be greater than 0
2024-11-13 11:40:34.735 [main] ERROR com.globant.academy.model.CartItem - Validation failed: quantity cannot be null.
2024-11-13 11:40:34.735 [main] ERROR com.globant.academy.model.CartItem - Validation failed: Product cannot be null.
2024-11-13 11:40:34.747 [main] INFO  com.globant.academy.repository.ProductRepository - Product created successfully!
2024-11-13 11:40:34.752 [main] INFO  com.globant.academy.repository.ProductRepository - Product created successfully!
2024-11-13 11:40:34.765 [main] INFO  com.globant.academy.repository.ProductRepository - Product created successfully!
2024-11-13 11:40:34.779 [main] INFO  com.globant.academy.repository.ProductRepository - Product created successfully!
2024-11-13 11:40:34.779 [main] INFO  com.globant.academy.repository.ProductRepository - Product updated successfully
2024-11-13 11:43:33.999 [main] ERROR com.globant.academy.model.CartItem - Validation failed: Id cannot be null.
2024-11-13 11:43:34.015 [main] ERROR com.globant.academy.model.CartItem - Validation failed: quantity must be greater than 0
2024-11-13 11:43:34.015 [main] ERROR com.globant.academy.model.CartItem - Validation failed: quantity cannot be null.
2024-11-13 11:43:34.032 [main] ERROR com.globant.academy.model.CartItem - Validation failed: Product cannot be null.
2024-11-13 11:43:34.032 [main] ERROR com.globant.academy.model.Customer - Phone cannot be null
2024-11-13 11:43:34.041 [main] ERROR com.globant.academy.model.Customer - Birthdate cannot be null
2024-11-13 11:43:34.044 [main] ERROR com.globant.academy.model.Customer - Name cannot be null
2024-11-13 11:43:34.047 [main] ERROR com.globant.academy.model.Customer - IDNumber cannot be null
2024-11-13 11:43:34.050 [main] ERROR com.globant.academy.model.Customer - Lastname cannot be null
2024-11-13 11:43:34.050 [main] ERROR com.globant.academy.model.Customer - Email cannot be null
2024-11-13 11:43:34.055 [main] ERROR com.globant.academy.model.Customer - ID cannot be null
2024-11-13 11:43:34.057 [main] ERROR com.globant.academy.model.Product - Description cannot be null
2024-11-13 11:43:34.064 [main] ERROR com.globant.academy.model.Product - Name cannot be null
2024-11-13 11:43:34.064 [main] ERROR com.globant.academy.model.Product - ID cannot be null
2024-11-13 11:43:34.064 [main] ERROR com.globant.academy.model.Product - Type cannot be null
2024-11-13 11:43:34.073 [main] ERROR com.globant.academy.model.Product - Price cannot be null
2024-11-13 11:43:34.096 [main] ERROR com.globant.academy.model.ShoppingCart - Customer cannot be null
2024-11-13 11:43:34.099 [main] ERROR com.globant.academy.model.ShoppingCart - ID cannot be null
2024-11-13 11:43:34.745 [main] INFO  com.globant.academy.repository.CustomerRepository - One product added successfully
2024-11-13 11:43:34.792 [main] INFO  com.globant.academy.repository.CustomerRepository - Customer created successfully!
2024-11-13 11:43:34.792 [main] INFO  com.globant.academy.repository.CustomerRepository - Customer created successfully!
2024-11-13 11:43:34.792 [main] INFO  com.globant.academy.repository.CustomerRepository - Customer deleted successfully!
2024-11-13 11:43:34.806 [main] INFO  com.globant.academy.repository.CustomerRepository - Customer created successfully!
2024-11-13 11:43:34.806 [main] INFO  com.globant.academy.repository.CustomerRepository - Customer updated successfully!
2024-11-13 11:43:34.828 [main] INFO  com.globant.academy.repository.ProductRepository - Product created successfully!
2024-11-13 11:43:34.828 [main] INFO  com.globant.academy.repository.ProductRepository - Product created successfully!
2024-11-13 11:43:34.850 [main] INFO  com.globant.academy.repository.ProductRepository - Product created successfully!
2024-11-13 11:43:34.872 [main] INFO  com.globant.academy.repository.ProductRepository - Product created successfully!
2024-11-13 11:43:34.872 [main] INFO  com.globant.academy.repository.ProductRepository - Product updated successfully
2024-11-13 11:43:34.896 [main] INFO  com.globant.academy.repository.ShoppingCartRepository - Cart created successfully!
2024-11-13 11:45:51.677 [main] ERROR com.globant.academy.model.ShoppingCart - Customer cannot be null
2024-11-13 11:45:51.683 [main] ERROR com.globant.academy.model.ShoppingCart - ID cannot be null
2024-11-13 11:46:30.294 [main] ERROR com.globant.academy.model.ShoppingCart - Customer cannot be null
2024-11-13 11:46:30.300 [main] ERROR com.globant.academy.model.ShoppingCart - ID cannot be null
2024-11-13 11:46:30.581 [main] INFO  com.globant.academy.repository.CustomerRepository - One product added successfully
2024-11-13 11:46:30.596 [main] INFO  com.globant.academy.repository.ShoppingCartRepository - Cart created successfully!
2024-11-13 11:46:30.618 [main] ERROR com.globant.academy.model.Product - Description cannot be null
2024-11-13 11:46:30.626 [main] ERROR com.globant.academy.model.Product - Name cannot be null
2024-11-13 11:46:30.631 [main] ERROR com.globant.academy.model.Product - ID cannot be null
2024-11-13 11:46:30.631 [main] ERROR com.globant.academy.model.Product - Type cannot be null
2024-11-13 11:46:30.631 [main] ERROR com.globant.academy.model.Product - Price cannot be null
2024-11-13 11:46:30.647 [main] INFO  com.globant.academy.repository.CustomerRepository - Customer created successfully!
2024-11-13 11:46:30.650 [main] INFO  com.globant.academy.repository.CustomerRepository - Customer created successfully!
2024-11-13 11:46:30.650 [main] INFO  com.globant.academy.repository.CustomerRepository - Customer deleted successfully!
2024-11-13 11:46:30.660 [main] INFO  com.globant.academy.repository.CustomerRepository - Customer created successfully!
2024-11-13 11:46:30.660 [main] INFO  com.globant.academy.repository.CustomerRepository - Customer updated successfully!
2024-11-13 11:46:30.666 [main] ERROR com.globant.academy.model.Customer - Phone cannot be null
2024-11-13 11:46:30.666 [main] ERROR com.globant.academy.model.Customer - Birthdate cannot be null
2024-11-13 11:46:30.672 [main] ERROR com.globant.academy.model.Customer - Name cannot be null
2024-11-13 11:46:30.674 [main] ERROR com.globant.academy.model.Customer - IDNumber cannot be null
2024-11-13 11:46:30.674 [main] ERROR com.globant.academy.model.Customer - Lastname cannot be null
2024-11-13 11:46:30.674 [main] ERROR com.globant.academy.model.Customer - Email cannot be null
2024-11-13 11:46:30.680 [main] ERROR com.globant.academy.model.Customer - ID cannot be null
2024-11-13 11:46:30.684 [main] ERROR com.globant.academy.model.CartItem - Validation failed: Id cannot be null.
2024-11-13 11:46:30.686 [main] ERROR com.globant.academy.model.CartItem - Validation failed: quantity must be greater than 0
2024-11-13 11:46:30.687 [main] ERROR com.globant.academy.model.CartItem - Validation failed: quantity cannot be null.
2024-11-13 11:46:30.692 [main] ERROR com.globant.academy.model.CartItem - Validation failed: Product cannot be null.
2024-11-13 11:46:30.707 [main] INFO  com.globant.academy.repository.ProductRepository - Product created successfully!
2024-11-13 11:46:30.709 [main] INFO  com.globant.academy.repository.ProductRepository - Product created successfully!
2024-11-13 11:46:30.717 [main] INFO  com.globant.academy.repository.ProductRepository - Product created successfully!
2024-11-13 11:46:30.732 [main] INFO  com.globant.academy.repository.ProductRepository - Product created successfully!
2024-11-13 11:46:30.738 [main] INFO  com.globant.academy.repository.ProductRepository - Product updated successfully
2024-11-13 14:24:41.625 [main] INFO  com.globant.academy.javaAcademyApp - Library products above 100:
7 | LIBRARY | Harry Potter | 110.0
8 | LIBRARY | Java 8 | 200.0

2024-11-13 14:24:41.634 [main] INFO  com.globant.academy.javaAcademyApp - Total price:  2480.0
2024-11-13 14:24:41.635 [main] INFO  com.globant.academy.javaAcademyApp - Electronic products´ total price: 1900.0
2024-11-13 14:24:41.644 [main] INFO  com.globant.academy.javaAcademyApp -
Cart: Cart ID | ID | PRODUCT TYPE | PRODUCT NAME | PRICE | QUANTITY
1 | 12 | OTHERS | Coat | 10.0 | 1
1 | 13 | OTHERS | Tooth paste | 10.0 | 1
1 | 6 | LIBRARY | Pencil | 50.0 | 1
1 | 2 | ELECTRONIC | CPU | 100.0 | 1
1 | 7 | LIBRARY | Harry Potter | 110.0 | 1
1 | 3 | ELECTRONIC | Mouse | 200.0 | 1
1 | 8 | LIBRARY | Java 8 | 200.0 | 1
1 | 11 | OTHERS | T-shirt | 200.0 | 1
1 | 4 | ELECTRONIC | Keyboard | 600.0 | 1
1 | 1 | ELECTRONIC | TV | 1000.0 | 2

2024-11-13 14:28:22.164 [main] ERROR com.globant.academy.repository.CustomerRepository - Error adding product
2024-11-13 14:41:35.456 [main] ERROR com.globant.academy.repository.CustomerRepository - Error adding product
2024-11-13 14:58:56.336 [main] INFO  com.globant.academy.repository.CustomerRepository - One product added successfully
2024-11-13 14:58:56.422 [main] INFO  com.globant.academy.repository.ShoppingCartRepository - Cart created successfully!
2024-11-13 14:58:56.460 [main] INFO  com.globant.academy.repository.CustomerRepository - Customer created successfully!
2024-11-13 14:58:56.472 [main] INFO  com.globant.academy.repository.CustomerRepository - Customer created successfully!
2024-11-13 14:58:56.475 [main] INFO  com.globant.academy.repository.CustomerRepository - Customer deleted successfully!
2024-11-13 14:58:56.484 [main] INFO  com.globant.academy.repository.CustomerRepository - Customer created successfully!
2024-11-13 14:58:56.486 [main] INFO  com.globant.academy.repository.CustomerRepository - Customer updated successfully!
2024-11-13 14:58:56.514 [main] INFO  com.globant.academy.repository.ProductRepository - Product created successfully!
2024-11-13 14:58:56.516 [main] INFO  com.globant.academy.repository.ProductRepository - Product created successfully!
2024-11-13 14:58:56.540 [main] INFO  com.globant.academy.repository.ProductRepository - Product created successfully!
2024-11-13 14:58:56.559 [main] INFO  com.globant.academy.repository.ProductRepository - Product created successfully!
2024-11-13 14:58:56.561 [main] INFO  com.globant.academy.repository.ProductRepository - Product updated successfully
2024-11-13 15:02:38.759 [main] INFO  com.globant.academy.repository.CustomerRepository - Customer created successfully!
2024-11-13 15:15:18.131 [main] INFO  com.globant.academy.repository.CustomerRepository - Customer created successfully!
2024-11-13 15:15:18.170 [main] INFO  com.globant.academy.repository.CustomerRepository - Customer updated successfully!
2024-11-13 15:19:46.638 [main] INFO  com.globant.academy.repository.CustomerRepository - Customer created successfully!
2024-11-13 15:19:46.653 [main] ERROR com.globant.academy.repository.CustomerRepository - Could not delete customer
2024-11-13 15:21:36.257 [main] INFO  com.globant.academy.repository.CustomerRepository - Customer created successfully!
2024-11-13 15:21:36.272 [main] INFO  com.globant.academy.repository.CustomerRepository - Customer deleted successfully!
2024-11-13 15:40:24.480 [main] INFO  com.globant.academy.repository.CustomerRepository - Customer created successfully!
2024-11-13 15:41:40.020 [main] INFO  com.globant.academy.repository.ProductRepository - Product created successfully!
2024-11-13 15:43:01.682 [main] INFO  com.globant.academy.repository.ProductRepository - Product created successfully!
2024-11-13 15:46:50.964 [main] INFO  com.globant.academy.repository.ProductRepository - Product created successfully!
2024-11-13 15:46:50.978 [main] INFO  com.globant.academy.repository.ProductRepository - Product created successfully!
2024-11-13 15:48:08.405 [main] INFO  com.globant.academy.repository.ProductRepository - Product created successfully!
2024-11-13 15:48:08.430 [main] INFO  com.globant.academy.repository.ProductRepository - Product updated successfully
2024-11-13 15:52:44.512 [main] INFO  com.globant.academy.repository.CustomerRepository - Customer created successfully!
2024-11-13 15:52:44.594 [main] INFO  com.globant.academy.repository.CustomerRepository - Customer created successfully!
2024-11-13 15:52:44.598 [main] INFO  com.globant.academy.repository.CustomerRepository - Customer deleted successfully!
2024-11-13 15:52:44.615 [main] INFO  com.globant.academy.repository.CustomerRepository - Customer created successfully!
2024-11-13 15:52:44.624 [main] INFO  com.globant.academy.repository.CustomerRepository - Customer updated successfully!
2024-11-13 16:16:11.047 [main] INFO  com.globant.academy.repository.ProductRepository - Product created successfully!
2024-11-13 16:16:11.054 [main] INFO  com.globant.academy.repository.ProductRepository - Product created successfully!
2024-11-13 16:16:11.155 [main] INFO  com.globant.academy.repository.ProductRepository - Product created successfully!
2024-11-13 16:16:11.182 [main] INFO  com.globant.academy.repository.ProductRepository - Product created successfully!
2024-11-13 16:16:11.186 [main] INFO  com.globant.academy.repository.ProductRepository - Product updated successfully
2024-11-13 16:16:56.271 [main] INFO  com.globant.academy.repository.CustomerRepository - Customer created successfully!
2024-11-13 16:16:56.336 [main] INFO  com.globant.academy.repository.CustomerRepository - Customer created successfully!
2024-11-13 16:16:56.339 [main] INFO  com.globant.academy.repository.CustomerRepository - Customer deleted successfully!
2024-11-13 16:16:56.350 [main] INFO  com.globant.academy.repository.CustomerRepository - Customer created successfully!
2024-11-13 16:16:56.353 [main] INFO  com.globant.academy.repository.CustomerRepository - Customer updated successfully!
2024-11-13 16:17:24.083 [main] INFO  com.globant.academy.repository.CustomerRepository - One product added successfully
2024-11-13 16:17:24.163 [main] INFO  com.globant.academy.repository.ShoppingCartRepository - Cart created successfully!
2024-11-13 16:17:24.200 [main] INFO  com.globant.academy.repository.CustomerRepository - Customer created successfully!
2024-11-13 16:17:24.211 [main] INFO  com.globant.academy.repository.CustomerRepository - Customer created successfully!
2024-11-13 16:17:24.213 [main] INFO  com.globant.academy.repository.CustomerRepository - Customer deleted successfully!
2024-11-13 16:17:24.223 [main] INFO  com.globant.academy.repository.CustomerRepository - Customer created successfully!
2024-11-13 16:17:24.227 [main] INFO  com.globant.academy.repository.CustomerRepository - Customer updated successfully!
2024-11-13 16:17:24.252 [main] INFO  com.globant.academy.repository.ProductRepository - Product created successfully!
2024-11-13 16:17:24.253 [main] INFO  com.globant.academy.repository.ProductRepository - Product created successfully!
2024-11-13 16:17:24.277 [main] INFO  com.globant.academy.repository.ProductRepository - Product created successfully!
2024-11-13 16:17:24.295 [main] INFO  com.globant.academy.repository.ProductRepository - Product created successfully!
2024-11-13 16:17:24.297 [main] INFO  com.globant.academy.repository.ProductRepository - Product updated successfully
2024-11-13 16:27:50.479 [main] INFO  com.globant.academy.repository.CustomerRepository - One product added successfully
2024-11-13 16:27:50.554 [main] INFO  com.globant.academy.repository.ShoppingCartRepository - Cart created successfully!
2024-11-13 16:27:50.587 [main] INFO  com.globant.academy.repository.CustomerRepository - Customer created successfully!
2024-11-13 16:27:50.596 [main] INFO  com.globant.academy.repository.CustomerRepository - Customer created successfully!
2024-11-13 16:27:50.600 [main] INFO  com.globant.academy.repository.CustomerRepository - Customer deleted successfully!
2024-11-13 16:27:50.608 [main] INFO  com.globant.academy.repository.CustomerRepository - Customer created successfully!
2024-11-13 16:27:50.610 [main] INFO  com.globant.academy.repository.CustomerRepository - Customer updated successfully!
2024-11-13 16:27:50.633 [main] INFO  com.globant.academy.repository.ProductRepository - Product created successfully!
2024-11-13 16:27:50.634 [main] INFO  com.globant.academy.repository.ProductRepository - Product created successfully!
2024-11-13 16:27:50.658 [main] INFO  com.globant.academy.repository.ProductRepository - Product created successfully!
2024-11-13 16:27:50.679 [main] INFO  com.globant.academy.repository.ProductRepository - Product created successfully!
2024-11-13 16:27:50.681 [main] INFO  com.globant.academy.repository.ProductRepository - Product updated successfully
2024-11-13 16:28:48.855 [main] ERROR com.globant.academy.model.CartItem - Validation failed: Id cannot be null.
2024-11-13 16:28:48.898 [main] ERROR com.globant.academy.model.CartItem - Validation failed: quantity must be greater than 0
2024-11-13 16:28:48.914 [main] ERROR com.globant.academy.model.CartItem - Validation failed: quantity cannot be null.
2024-11-13 16:28:48.919 [main] ERROR com.globant.academy.model.CartItem - Validation failed: Product cannot be null.
2024-11-13 16:28:48.941 [main] ERROR com.globant.academy.model.Customer - Phone cannot be null
2024-11-13 16:28:48.946 [main] ERROR com.globant.academy.model.Customer - Birthdate cannot be null
2024-11-13 16:28:48.950 [main] ERROR com.globant.academy.model.Customer - Name cannot be null
2024-11-13 16:28:48.956 [main] ERROR com.globant.academy.model.Customer - IDNumber cannot be null
2024-11-13 16:28:48.964 [main] ERROR com.globant.academy.model.Customer - Lastname cannot be null
2024-11-13 16:28:48.970 [main] ERROR com.globant.academy.model.Customer - Email cannot be null
2024-11-13 16:28:48.975 [main] ERROR com.globant.academy.model.Customer - ID cannot be null
2024-11-13 16:28:48.986 [main] ERROR com.globant.academy.model.Product - Description cannot be null
2024-11-13 16:28:49.003 [main] ERROR com.globant.academy.model.Product - Name cannot be null
2024-11-13 16:28:49.008 [main] ERROR com.globant.academy.model.Product - ID cannot be null
2024-11-13 16:28:49.012 [main] ERROR com.globant.academy.model.Product - Type cannot be null
2024-11-13 16:28:49.022 [main] ERROR com.globant.academy.model.Product - Price cannot be null
2024-11-13 16:28:49.064 [main] ERROR com.globant.academy.model.ShoppingCart - Customer cannot be null
2024-11-13 16:28:49.068 [main] ERROR com.globant.academy.model.ShoppingCart - ID cannot be null
2024-11-13 16:28:50.176 [main] INFO  com.globant.academy.repository.CustomerRepository - One product added successfully
2024-11-13 16:28:50.285 [main] INFO  com.globant.academy.repository.CustomerRepository - Customer created successfully!
2024-11-13 16:28:50.298 [main] INFO  com.globant.academy.repository.CustomerRepository - Customer created successfully!
2024-11-13 16:28:50.303 [main] INFO  com.globant.academy.repository.CustomerRepository - Customer deleted successfully!
2024-11-13 16:28:50.314 [main] INFO  com.globant.academy.repository.CustomerRepository - Customer created successfully!
2024-11-13 16:28:50.319 [main] INFO  com.globant.academy.repository.CustomerRepository - Customer updated successfully!
2024-11-13 16:28:50.356 [main] INFO  com.globant.academy.repository.ProductRepository - Product created successfully!
2024-11-13 16:28:50.357 [main] INFO  com.globant.academy.repository.ProductRepository - Product created successfully!
2024-11-13 16:28:50.395 [main] INFO  com.globant.academy.repository.ProductRepository - Product created successfully!
2024-11-13 16:28:50.434 [main] INFO  com.globant.academy.repository.ProductRepository - Product created successfully!
2024-11-13 16:28:50.437 [main] INFO  com.globant.academy.repository.ProductRepository - Product updated successfully
2024-11-13 16:28:50.482 [main] INFO  com.globant.academy.repository.ShoppingCartRepository - Cart created successfully!
2024-11-13 16:34:03.557 [main] INFO  com.globant.academy.javaAcademyApp - Library products above 100:
7 | LIBRARY | Harry Potter | 110.0
8 | LIBRARY | Java 8 | 200.0

2024-11-13 16:34:03.564 [main] INFO  com.globant.academy.javaAcademyApp - Total price:  2480.0
2024-11-13 16:34:03.566 [main] INFO  com.globant.academy.javaAcademyApp - Electronic products´ total price: 1900.0
2024-11-13 16:34:03.574 [main] INFO  com.globant.academy.javaAcademyApp -
Cart: Cart ID | ID | PRODUCT TYPE | PRODUCT NAME | PRICE | QUANTITY
1 | 12 | OTHERS | Coat | 10.0 | 1
1 | 13 | OTHERS | Tooth paste | 10.0 | 1
1 | 6 | LIBRARY | Pencil | 50.0 | 1
1 | 2 | ELECTRONIC | CPU | 100.0 | 1
1 | 7 | LIBRARY | Harry Potter | 110.0 | 1
1 | 3 | ELECTRONIC | Mouse | 200.0 | 1
1 | 8 | LIBRARY | Java 8 | 200.0 | 1
1 | 11 | OTHERS | T-shirt | 200.0 | 1
1 | 4 | ELECTRONIC | Keyboard | 600.0 | 1
1 | 1 | ELECTRONIC | TV | 1000.0 | 2

2024-11-13 16:35:19.408 [main] ERROR com.globant.academy.model.CartItem - Validation failed: Id cannot be null.
2024-11-13 16:35:19.447 [main] ERROR com.globant.academy.model.CartItem - Validation failed: quantity must be greater than 0
2024-11-13 16:35:19.462 [main] ERROR com.globant.academy.model.CartItem - Validation failed: quantity cannot be null.
2024-11-13 16:35:19.465 [main] ERROR com.globant.academy.model.CartItem - Validation failed: Product cannot be null.
2024-11-13 16:35:19.482 [main] ERROR com.globant.academy.model.Customer - Phone cannot be null
2024-11-13 16:35:19.488 [main] ERROR com.globant.academy.model.Customer - Birthdate cannot be null
2024-11-13 16:35:19.492 [main] ERROR com.globant.academy.model.Customer - Name cannot be null
2024-11-13 16:35:19.496 [main] ERROR com.globant.academy.model.Customer - IDNumber cannot be null
2024-11-13 16:35:19.502 [main] ERROR com.globant.academy.model.Customer - Lastname cannot be null
2024-11-13 16:35:19.506 [main] ERROR com.globant.academy.model.Customer - Email cannot be null
2024-11-13 16:35:19.511 [main] ERROR com.globant.academy.model.Customer - ID cannot be null
2024-11-13 16:35:19.524 [main] ERROR com.globant.academy.model.Product - Description cannot be null
2024-11-13 16:35:19.541 [main] ERROR com.globant.academy.model.Product - Name cannot be null
2024-11-13 16:35:19.546 [main] ERROR com.globant.academy.model.Product - ID cannot be null
2024-11-13 16:35:19.552 [main] ERROR com.globant.academy.model.Product - Type cannot be null
2024-11-13 16:35:19.560 [main] ERROR com.globant.academy.model.Product - Price cannot be null
2024-11-13 16:35:19.597 [main] ERROR com.globant.academy.model.ShoppingCart - Customer cannot be null
2024-11-13 16:35:19.600 [main] ERROR com.globant.academy.model.ShoppingCart - ID cannot be null
2024-11-13 16:35:20.677 [main] INFO  com.globant.academy.repository.CustomerRepository - One product added successfully
2024-11-13 16:35:20.763 [main] INFO  com.globant.academy.repository.CustomerRepository - Customer created successfully!
2024-11-13 16:35:20.774 [main] INFO  com.globant.academy.repository.CustomerRepository - Customer created successfully!
2024-11-13 16:35:20.779 [main] INFO  com.globant.academy.repository.CustomerRepository - Customer deleted successfully!
2024-11-13 16:35:20.789 [main] INFO  com.globant.academy.repository.CustomerRepository - Customer created successfully!
2024-11-13 16:35:20.792 [main] INFO  com.globant.academy.repository.CustomerRepository - Customer updated successfully!
2024-11-13 16:35:20.831 [main] INFO  com.globant.academy.repository.ProductRepository - Product created successfully!
2024-11-13 16:35:20.833 [main] INFO  com.globant.academy.repository.ProductRepository - Product created successfully!
2024-11-13 16:35:20.872 [main] INFO  com.globant.academy.repository.ProductRepository - Product created successfully!
2024-11-13 16:35:20.907 [main] INFO  com.globant.academy.repository.ProductRepository - Product created successfully!
2024-11-13 16:35:20.910 [main] INFO  com.globant.academy.repository.ProductRepository - Product updated successfully
2024-11-13 16:35:20.947 [main] INFO  com.globant.academy.repository.ShoppingCartRepository - Cart created successfully!
2024-11-13 16:36:15.020 [main] ERROR com.globant.academy.model.ShoppingCart - Customer cannot be null
2024-11-13 16:36:15.030 [main] ERROR com.globant.academy.model.ShoppingCart - ID cannot be null
2024-11-13 16:36:15.495 [main] INFO  com.globant.academy.repository.CustomerRepository - One product added successfully
2024-11-13 16:36:15.541 [main] INFO  com.globant.academy.repository.ShoppingCartRepository - Cart created successfully!
2024-11-13 16:36:15.576 [main] ERROR com.globant.academy.model.Product - Description cannot be null
2024-11-13 16:36:15.588 [main] ERROR com.globant.academy.model.Product - Name cannot be null
2024-11-13 16:36:15.592 [main] ERROR com.globant.academy.model.Product - ID cannot be null
2024-11-13 16:36:15.598 [main] ERROR com.globant.academy.model.Product - Type cannot be null
2024-11-13 16:36:15.607 [main] ERROR com.globant.academy.model.Product - Price cannot be null
2024-11-13 16:36:15.622 [main] INFO  com.globant.academy.repository.CustomerRepository - Customer created successfully!
2024-11-13 16:36:15.633 [main] INFO  com.globant.academy.repository.CustomerRepository - Customer created successfully!
2024-11-13 16:36:15.636 [main] INFO  com.globant.academy.repository.CustomerRepository - Customer deleted successfully!
2024-11-13 16:36:15.644 [main] INFO  com.globant.academy.repository.CustomerRepository - Customer created successfully!
2024-11-13 16:36:15.648 [main] INFO  com.globant.academy.repository.CustomerRepository - Customer updated successfully!
2024-11-13 16:36:15.656 [main] ERROR com.globant.academy.model.Customer - Phone cannot be null
2024-11-13 16:36:15.658 [main] ERROR com.globant.academy.model.Customer - Birthdate cannot be null
2024-11-13 16:36:15.661 [main] ERROR com.globant.academy.model.Customer - Name cannot be null
2024-11-13 16:36:15.664 [main] ERROR com.globant.academy.model.Customer - IDNumber cannot be null
2024-11-13 16:36:15.667 [main] ERROR com.globant.academy.model.Customer - Lastname cannot be null
2024-11-13 16:36:15.669 [main] ERROR com.globant.academy.model.Customer - Email cannot be null
2024-11-13 16:36:15.672 [main] ERROR com.globant.academy.model.Customer - ID cannot be null
2024-11-13 16:36:15.678 [main] ERROR com.globant.academy.model.CartItem - Validation failed: Id cannot be null.
2024-11-13 16:36:15.680 [main] ERROR com.globant.academy.model.CartItem - Validation failed: quantity must be greater than 0
2024-11-13 16:36:15.686 [main] ERROR com.globant.academy.model.CartItem - Validation failed: quantity cannot be null.
2024-11-13 16:36:15.689 [main] ERROR com.globant.academy.model.CartItem - Validation failed: Product cannot be null.
2024-11-13 16:36:15.714 [main] INFO  com.globant.academy.repository.ProductRepository - Product created successfully!
2024-11-13 16:36:15.715 [main] INFO  com.globant.academy.repository.ProductRepository - Product created successfully!
2024-11-13 16:36:15.743 [main] INFO  com.globant.academy.repository.ProductRepository - Product created successfully!
2024-11-13 16:36:15.763 [main] INFO  com.globant.academy.repository.ProductRepository - Product created successfully!
2024-11-13 16:36:15.765 [main] INFO  com.globant.academy.repository.ProductRepository - Product updated successfully
2024-11-13 16:42:12.700 [main] INFO  com.globant.academy.repository.CustomerRepository - One product added successfully
2024-11-13 16:42:12.795 [main] INFO  com.globant.academy.repository.ShoppingCartRepository - Cart created successfully!
2024-11-13 16:42:12.838 [main] INFO  com.globant.academy.repository.CustomerRepository - Customer created successfully!
2024-11-13 16:42:12.848 [main] INFO  com.globant.academy.repository.CustomerRepository - Customer created successfully!
2024-11-13 16:42:12.850 [main] INFO  com.globant.academy.repository.CustomerRepository - Customer deleted successfully!
2024-11-13 16:42:12.860 [main] INFO  com.globant.academy.repository.CustomerRepository - Customer created successfully!
2024-11-13 16:42:12.864 [main] INFO  com.globant.academy.repository.CustomerRepository - Customer updated successfully!
2024-11-13 16:42:12.893 [main] INFO  com.globant.academy.repository.ProductRepository - Product created successfully!
2024-11-13 16:42:12.894 [main] INFO  com.globant.academy.repository.ProductRepository - Product created successfully!
2024-11-13 16:42:12.922 [main] INFO  com.globant.academy.repository.ProductRepository - Product created successfully!
2024-11-13 16:42:12.947 [main] INFO  com.globant.academy.repository.ProductRepository - Product created successfully!
2024-11-13 16:42:12.948 [main] INFO  com.globant.academy.repository.ProductRepository - Product updated successfully
2024-11-13 16:45:51.318 [main] INFO  com.globant.academy.repository.CustomerRepository - Customer created successfully!
2024-11-13 16:45:51.333 [main] INFO  com.globant.academy.repository.CustomerRepository - Customer deleted successfully!
2024-11-13 16:47:23.362 [main] INFO  com.globant.academy.repository.ShoppingCartRepository - Cart created successfully!
2024-11-13 16:56:43.593 [main] ERROR com.globant.academy.model.ShoppingCart - Customer cannot be null
2024-11-13 16:56:43.607 [main] ERROR com.globant.academy.model.ShoppingCart - ID cannot be null
2024-11-13 16:56:44.075 [main] INFO  com.globant.academy.repository.CustomerRepository - One product added successfully
2024-11-13 16:56:44.120 [main] INFO  com.globant.academy.repository.ShoppingCartRepository - Cart created successfully!
2024-11-13 16:56:44.161 [main] ERROR com.globant.academy.model.Product - Description cannot be null
2024-11-13 16:56:44.174 [main] ERROR com.globant.academy.model.Product - Name cannot be null
2024-11-13 16:56:44.177 [main] ERROR com.globant.academy.model.Product - ID cannot be null
2024-11-13 16:56:44.183 [main] ERROR com.globant.academy.model.Product - Type cannot be null
2024-11-13 16:56:44.191 [main] ERROR com.globant.academy.model.Product - Price cannot be null
2024-11-13 16:56:44.205 [main] INFO  com.globant.academy.repository.CustomerRepository - Customer created successfully!
2024-11-13 16:56:44.208 [main] INFO  com.globant.academy.repository.CustomerRepository - Customer deleted successfully!
2024-11-13 16:56:44.217 [main] INFO  com.globant.academy.repository.CustomerRepository - Customer created successfully!
2024-11-13 16:56:44.225 [main] INFO  com.globant.academy.repository.CustomerRepository - Customer created successfully!
2024-11-13 16:56:44.228 [main] INFO  com.globant.academy.repository.CustomerRepository - Customer updated successfully!
2024-11-13 16:56:44.238 [main] ERROR com.globant.academy.model.Customer - Phone cannot be null
2024-11-13 16:56:44.243 [main] ERROR com.globant.academy.model.Customer - Birthdate cannot be null
2024-11-13 16:56:44.246 [main] ERROR com.globant.academy.model.Customer - Name cannot be null
2024-11-13 16:56:44.249 [main] ERROR com.globant.academy.model.Customer - IDNumber cannot be null
2024-11-13 16:56:44.253 [main] ERROR com.globant.academy.model.Customer - Lastname cannot be null
2024-11-13 16:56:44.256 [main] ERROR com.globant.academy.model.Customer - Email cannot be null
2024-11-13 16:56:44.259 [main] ERROR com.globant.academy.model.Customer - ID cannot be null
2024-11-13 16:56:44.265 [main] ERROR com.globant.academy.model.CartItem - Validation failed: Id cannot be null.
2024-11-13 16:56:44.269 [main] ERROR com.globant.academy.model.CartItem - Validation failed: quantity must be greater than 0
2024-11-13 16:56:44.275 [main] ERROR com.globant.academy.model.CartItem - Validation failed: quantity cannot be null.
2024-11-13 16:56:44.278 [main] ERROR com.globant.academy.model.CartItem - Validation failed: Product cannot be null.
2024-11-13 16:56:44.307 [main] INFO  com.globant.academy.repository.ProductRepository - Product created successfully!
2024-11-13 16:56:44.308 [main] INFO  com.globant.academy.repository.ProductRepository - Product created successfully!
2024-11-13 16:56:44.339 [main] INFO  com.globant.academy.repository.ProductRepository - Product created successfully!
2024-11-13 16:56:44.361 [main] INFO  com.globant.academy.repository.ProductRepository - Product created successfully!
2024-11-13 16:56:44.363 [main] INFO  com.globant.academy.repository.ProductRepository - Product updated successfully
2024-11-13 17:23:45.466 [main] ERROR com.globant.academy.model.ShoppingCart - Customer cannot be null
2024-11-13 17:23:45.478 [main] ERROR com.globant.academy.model.ShoppingCart - ID cannot be null
2024-11-13 17:23:46.016 [main] INFO  com.globant.academy.repository.CustomerRepository - One product added successfully
2024-11-13 17:23:46.056 [main] INFO  com.globant.academy.repository.ShoppingCartRepository - Cart created successfully!
2024-11-13 17:23:46.091 [main] ERROR com.globant.academy.model.Product - Description cannot be null
2024-11-13 17:23:46.098 [main] ERROR com.globant.academy.model.Product - Name cannot be null
2024-11-13 17:23:46.101 [main] ERROR com.globant.academy.model.Product - ID cannot be null
2024-11-13 17:23:46.105 [main] ERROR com.globant.academy.model.Product - Type cannot be null
2024-11-13 17:23:46.110 [main] ERROR com.globant.academy.model.Product - Price cannot be null
2024-11-13 17:23:46.121 [main] INFO  com.globant.academy.repository.CustomerRepository - Customer created successfully!
2024-11-13 17:23:46.124 [main] INFO  com.globant.academy.repository.CustomerRepository - Customer deleted successfully!
2024-11-13 17:23:46.132 [main] INFO  com.globant.academy.repository.CustomerRepository - Customer created successfully!
2024-11-13 17:23:46.139 [main] INFO  com.globant.academy.repository.CustomerRepository - Customer created successfully!
2024-11-13 17:23:46.143 [main] INFO  com.globant.academy.repository.CustomerRepository - Customer updated successfully!
2024-11-13 17:23:46.153 [main] ERROR com.globant.academy.model.Customer - Phone cannot be null
2024-11-13 17:23:46.157 [main] ERROR com.globant.academy.model.Customer - Birthdate cannot be null
2024-11-13 17:23:46.160 [main] ERROR com.globant.academy.model.Customer - Name cannot be null
2024-11-13 17:23:46.163 [main] ERROR com.globant.academy.model.Customer - IDNumber cannot be null
2024-11-13 17:23:46.166 [main] ERROR com.globant.academy.model.Customer - Lastname cannot be null
2024-11-13 17:23:46.169 [main] ERROR com.globant.academy.model.Customer - Email cannot be null
2024-11-13 17:23:46.172 [main] ERROR com.globant.academy.model.Customer - ID cannot be null
2024-11-13 17:23:46.176 [main] ERROR com.globant.academy.model.CartItem - Validation failed: Id cannot be null.
2024-11-13 17:23:46.179 [main] ERROR com.globant.academy.model.CartItem - Validation failed: quantity must be greater than 0
2024-11-13 17:23:46.185 [main] ERROR com.globant.academy.model.CartItem - Validation failed: quantity cannot be null.
2024-11-13 17:23:46.188 [main] ERROR com.globant.academy.model.CartItem - Validation failed: Product cannot be null.
2024-11-13 17:23:46.210 [main] INFO  com.globant.academy.repository.ProductRepository - Product created successfully!
2024-11-13 17:23:46.211 [main] INFO  com.globant.academy.repository.ProductRepository - Product created successfully!
2024-11-13 17:23:46.242 [main] INFO  com.globant.academy.repository.ProductRepository - Product created successfully!
2024-11-13 17:23:46.264 [main] INFO  com.globant.academy.repository.ProductRepository - Product created successfully!
2024-11-13 17:23:46.266 [main] INFO  com.globant.academy.repository.ProductRepository - Product updated successfully
