2024-11-12 10:27:11.789 [main] INFO  com.globant.academy.repository.CustomerRepository - One product added successfully
2024-11-12 10:28:03.277 [main] INFO  com.globant.academy.repository.CustomerRepository - One product added successfully
2024-11-12 10:29:11.753 [main] INFO  com.globant.academy.repository.CustomerRepository - One product added successfully
2024-11-12 10:29:11.782 [main] INFO  com.globant.academy.repository.ShoppingCartRepository - Cart created successfully!
2024-11-12 10:29:11.799 [main] INFO  com.globant.academy.javaAcademyApp - Library products above 100:
7 | LIBRARY | Harry Potter | 110.0
8 | LIBRARY | Java 8 | 200.0

2024-11-12 10:29:11.799 [main] INFO  com.globant.academy.javaAcademyApp - Total price:  2480.0
2024-11-12 10:29:11.799 [main] INFO  com.globant.academy.javaAcademyApp - Electronic products´ total price: 1900.0
2024-11-12 10:29:11.816 [main] INFO  com.globant.academy.javaAcademyApp -
Cart: Cart ID | ID | PRODUCT TYPE | PRODUCT NAME | PRICE | QUANTITY
1 | 12 | OTHERS | Coat | 10.0 | 1
1 | 13 | OTHERS | Tooth paste | 10.0 | 1
1 | 6 | LIBRARY | Pencil | 50.0 | 1
1 | 2 | ELECTRONIC | CPU | 100.0 | 1
1 | 7 | LIBRARY | Harry Potter | 110.0 | 1
1 | 3 | ELECTRONIC | Mouse | 200.0 | 1
1 | 8 | LIBRARY | Java 8 | 200.0 | 1
1 | 11 | OTHERS | T-shirt | 200.0 | 1
1 | 4 | ELECTRONIC | Keyboard | 600.0 | 1
1 | 1 | ELECTRONIC | TV | 1000.0 | 2

2024-11-12 10:31:04.963 [main] INFO  com.globant.academy.repository.ShoppingCartRepository - Cart created successfully!
2024-11-12 10:31:04.979 [main] INFO  com.globant.academy.javaAcademyApp - Library products above 100:
7 | LIBRARY | Harry Potter | 110.0
8 | LIBRARY | Java 8 | 200.0

2024-11-12 10:31:04.993 [main] INFO  com.globant.academy.javaAcademyApp - Total price:  2480.0
2024-11-12 10:31:04.995 [main] INFO  com.globant.academy.javaAcademyApp - Electronic products´ total price: 1900.0
2024-11-12 10:31:05.004 [main] INFO  com.globant.academy.javaAcademyApp -
Cart: Cart ID | ID | PRODUCT TYPE | PRODUCT NAME | PRICE | QUANTITY
1 | 12 | OTHERS | Coat | 10.0 | 1
1 | 13 | OTHERS | Tooth paste | 10.0 | 1
1 | 6 | LIBRARY | Pencil | 50.0 | 1
1 | 2 | ELECTRONIC | CPU | 100.0 | 1
1 | 7 | LIBRARY | Harry Potter | 110.0 | 1
1 | 3 | ELECTRONIC | Mouse | 200.0 | 1
1 | 8 | LIBRARY | Java 8 | 200.0 | 1
1 | 11 | OTHERS | T-shirt | 200.0 | 1
1 | 4 | ELECTRONIC | Keyboard | 600.0 | 1
1 | 1 | ELECTRONIC | TV | 1000.0 | 2

2024-11-12 10:31:39.581 [main] INFO  com.globant.academy.javaAcademyApp - Library products above 100:
7 | LIBRARY | Harry Potter | 110.0
8 | LIBRARY | Java 8 | 200.0

2024-11-12 10:31:39.585 [main] INFO  com.globant.academy.javaAcademyApp - Total price:  2480.0
2024-11-12 10:31:39.585 [main] INFO  com.globant.academy.javaAcademyApp - Electronic products´ total price: 1900.0
2024-11-12 10:31:39.595 [main] INFO  com.globant.academy.javaAcademyApp -
Cart: Cart ID | ID | PRODUCT TYPE | PRODUCT NAME | PRICE | QUANTITY
1 | 12 | OTHERS | Coat | 10.0 | 1
1 | 13 | OTHERS | Tooth paste | 10.0 | 1
1 | 6 | LIBRARY | Pencil | 50.0 | 1
1 | 2 | ELECTRONIC | CPU | 100.0 | 1
1 | 7 | LIBRARY | Harry Potter | 110.0 | 1
1 | 3 | ELECTRONIC | Mouse | 200.0 | 1
1 | 8 | LIBRARY | Java 8 | 200.0 | 1
1 | 11 | OTHERS | T-shirt | 200.0 | 1
1 | 4 | ELECTRONIC | Keyboard | 600.0 | 1
1 | 1 | ELECTRONIC | TV | 1000.0 | 2

2024-11-12 12:00:42.554 [main] INFO  com.globant.academy.repository.CustomerRepository - Customer created successfully!
2024-11-12 12:04:03.002 [main] INFO  com.globant.academy.repository.CustomerRepository - Customer created successfully!
2024-11-12 12:04:51.823 [main] INFO  com.globant.academy.repository.CustomerRepository - Customer created successfully!
2024-11-12 12:07:22.520 [main] INFO  com.globant.academy.repository.CustomerRepository - Customer created successfully!
2024-11-12 12:11:11.275 [main] INFO  com.globant.academy.repository.CustomerRepository - Customer created successfully!
2024-11-12 12:11:36.021 [main] INFO  com.globant.academy.repository.CustomerRepository - Customer created successfully!
2024-11-12 12:12:29.059 [main] INFO  com.globant.academy.repository.CustomerRepository - Customer created successfully!
2024-11-12 12:20:07.548 [main] INFO  com.globant.academy.repository.CustomerRepository - Customer created successfully!
2024-11-12 12:20:07.571 [main] ERROR com.globant.academy.repository.CustomerRepository - Could not find customer with such ID
2024-11-12 12:20:44.574 [main] INFO  com.globant.academy.repository.CustomerRepository - Customer created successfully!
2024-11-12 12:20:44.597 [main] INFO  com.globant.academy.repository.CustomerRepository - Customer updated successfully!
2024-11-12 12:21:18.361 [main] INFO  com.globant.academy.repository.CustomerRepository - Customer created successfully!
2024-11-12 12:25:52.165 [main] INFO  com.globant.academy.repository.CustomerRepository - Customer created successfully!
2024-11-12 12:25:52.177 [main] INFO  com.globant.academy.repository.CustomerRepository - Customer deleted successfully!
2024-11-12 13:26:00.334 [main] INFO  com.globant.academy.repository.ProductRepository - Product created successfully!
2024-11-12 13:33:07.412 [main] INFO  com.globant.academy.repository.ProductRepository - Product created successfully!
2024-11-12 13:33:07.441 [main] INFO  com.globant.academy.repository.ProductRepository - Product updated successfully
2024-11-12 13:33:24.560 [main] INFO  com.globant.academy.repository.ProductRepository - Product created successfully!
2024-11-12 13:33:24.590 [main] INFO  com.globant.academy.repository.ProductRepository - Product updated successfully
2024-11-12 15:17:18.123 [main] INFO  com.globant.academy.repository.ProductRepository - Product created successfully!
2024-11-12 15:17:18.134 [main] INFO  com.globant.academy.repository.ProductRepository - Product created successfully!
2024-11-12 15:18:07.616 [main] INFO  com.globant.academy.repository.ProductRepository - Product created successfully!
2024-11-12 15:18:07.626 [main] INFO  com.globant.academy.repository.ProductRepository - Product created successfully!
2024-11-12 15:22:08.662 [main] INFO  com.globant.academy.repository.ProductRepository - Product created successfully!
2024-11-12 15:22:08.676 [main] INFO  com.globant.academy.repository.ProductRepository - Product created successfully!
2024-11-12 15:23:18.160 [main] INFO  com.globant.academy.repository.ProductRepository - Product created successfully!
2024-11-12 15:23:18.170 [main] INFO  com.globant.academy.repository.ProductRepository - Product created successfully!
2024-11-12 15:31:37.981 [main] INFO  com.globant.academy.repository.ProductRepository - Product created successfully!
2024-11-12 15:31:37.990 [main] INFO  com.globant.academy.repository.ProductRepository - Product created successfully!
2024-11-12 15:37:21.290 [main] INFO  com.globant.academy.repository.ProductRepository - Product created successfully!
2024-11-12 15:37:21.298 [main] INFO  com.globant.academy.repository.ProductRepository - Product created successfully!
2024-11-12 15:40:39.746 [main] INFO  com.globant.academy.repository.ProductRepository - Product created successfully!
2024-11-12 15:40:39.761 [main] INFO  com.globant.academy.repository.ProductRepository - Product created successfully!
2024-11-12 15:41:57.637 [main] INFO  com.globant.academy.repository.ProductRepository - Product created successfully!
2024-11-12 15:43:05.152 [main] INFO  com.globant.academy.repository.ProductRepository - Product created successfully!
2024-11-12 15:43:05.162 [main] INFO  com.globant.academy.repository.ProductRepository - Product created successfully!
2024-11-12 15:44:20.585 [main] INFO  com.globant.academy.repository.ProductRepository - Product created successfully!
2024-11-12 15:44:20.594 [main] INFO  com.globant.academy.repository.ProductRepository - Product created successfully!
2024-11-12 15:44:45.901 [main] INFO  com.globant.academy.repository.ProductRepository - Product created successfully!
2024-11-12 15:44:45.912 [main] INFO  com.globant.academy.repository.ProductRepository - Product created successfully!
2024-11-12 15:45:28.597 [main] INFO  com.globant.academy.repository.ProductRepository - Product created successfully!
2024-11-12 15:45:28.608 [main] INFO  com.globant.academy.repository.ProductRepository - Product created successfully!
2024-11-12 15:46:00.067 [main] INFO  com.globant.academy.repository.ProductRepository - Product created successfully!
2024-11-12 15:46:00.077 [main] INFO  com.globant.academy.repository.ProductRepository - Product created successfully!
2024-11-12 15:46:00.170 [main] INFO  com.globant.academy.repository.ProductRepository - Product created successfully!
2024-11-12 15:46:00.210 [main] INFO  com.globant.academy.repository.ProductRepository - Product created successfully!
2024-11-12 15:46:00.215 [main] INFO  com.globant.academy.repository.ProductRepository - Product updated successfully
2024-11-12 15:52:56.477 [main] INFO  com.globant.academy.repository.CustomerRepository - Customer created successfully!
2024-11-12 15:52:56.544 [main] INFO  com.globant.academy.repository.CustomerRepository - Customer created successfully!
2024-11-12 15:52:56.547 [main] INFO  com.globant.academy.repository.CustomerRepository - Customer deleted successfully!
2024-11-12 15:52:56.559 [main] INFO  com.globant.academy.repository.CustomerRepository - Customer created successfully!
2024-11-12 15:52:56.561 [main] INFO  com.globant.academy.repository.CustomerRepository - Customer updated successfully!
2024-11-12 16:48:36.767 [main] INFO  com.globant.academy.repository.ShoppingCartRepository - Cart created successfully!
2024-11-12 16:51:30.161 [main] INFO  com.globant.academy.repository.ShoppingCartRepository - Cart created successfully!
2024-11-12 16:53:21.380 [main] INFO  com.globant.academy.repository.ShoppingCartRepository - Cart created successfully!
2024-11-12 16:54:32.709 [main] INFO  com.globant.academy.repository.ShoppingCartRepository - Cart created successfully!
2024-11-12 16:54:43.952 [main] INFO  com.globant.academy.repository.CustomerRepository - Customer created successfully!
2024-11-12 16:54:44.026 [main] INFO  com.globant.academy.repository.CustomerRepository - Customer created successfully!
2024-11-12 16:54:44.029 [main] INFO  com.globant.academy.repository.CustomerRepository - Customer deleted successfully!
2024-11-12 16:54:44.041 [main] INFO  com.globant.academy.repository.CustomerRepository - Customer created successfully!
2024-11-12 16:54:44.043 [main] INFO  com.globant.academy.repository.CustomerRepository - Customer updated successfully!
2024-11-12 16:54:53.839 [main] INFO  com.globant.academy.repository.ProductRepository - Product created successfully!
2024-11-12 16:54:53.847 [main] INFO  com.globant.academy.repository.ProductRepository - Product created successfully!
2024-11-12 16:54:53.937 [main] INFO  com.globant.academy.repository.ProductRepository - Product created successfully!
2024-11-12 16:54:53.963 [main] INFO  com.globant.academy.repository.ProductRepository - Product created successfully!
2024-11-12 16:54:53.968 [main] INFO  com.globant.academy.repository.ProductRepository - Product updated successfully
2024-11-12 17:27:22.832 [main] INFO  com.globant.academy.javaAcademyApp - Library products above 100:
7 | LIBRARY | Harry Potter | 110.0
8 | LIBRARY | Java 8 | 200.0

2024-11-12 17:27:22.848 [main] INFO  com.globant.academy.javaAcademyApp - Total price:  2480.0
2024-11-12 17:27:22.848 [main] INFO  com.globant.academy.javaAcademyApp - Electronic products´ total price: 1900.0
2024-11-12 17:27:22.858 [main] INFO  com.globant.academy.javaAcademyApp -
Cart: Cart ID | ID | PRODUCT TYPE | PRODUCT NAME | PRICE | QUANTITY
1 | 12 | OTHERS | Coat | 10.0 | 1
1 | 13 | OTHERS | Tooth paste | 10.0 | 1
1 | 6 | LIBRARY | Pencil | 50.0 | 1
1 | 2 | ELECTRONIC | CPU | 100.0 | 1
1 | 7 | LIBRARY | Harry Potter | 110.0 | 1
1 | 3 | ELECTRONIC | Mouse | 200.0 | 1
1 | 8 | LIBRARY | Java 8 | 200.0 | 1
1 | 11 | OTHERS | T-shirt | 200.0 | 1
1 | 4 | ELECTRONIC | Keyboard | 600.0 | 1
1 | 1 | ELECTRONIC | TV | 1000.0 | 2

2024-11-12 17:27:41.434 [main] INFO  com.globant.academy.repository.ShoppingCartRepository - Cart created successfully!
2024-11-12 17:27:55.424 [main] INFO  com.globant.academy.repository.ProductRepository - Product created successfully!
2024-11-12 17:27:55.433 [main] INFO  com.globant.academy.repository.ProductRepository - Product created successfully!
2024-11-12 17:27:55.528 [main] INFO  com.globant.academy.repository.ProductRepository - Product created successfully!
2024-11-12 17:27:55.563 [main] INFO  com.globant.academy.repository.ProductRepository - Product created successfully!
2024-11-12 17:27:55.563 [main] INFO  com.globant.academy.repository.ProductRepository - Product updated successfully
2024-11-12 17:28:05.614 [main] INFO  com.globant.academy.repository.CustomerRepository - Customer created successfully!
2024-11-12 17:28:05.684 [main] INFO  com.globant.academy.repository.CustomerRepository - Customer created successfully!
2024-11-12 17:28:05.686 [main] INFO  com.globant.academy.repository.CustomerRepository - Customer deleted successfully!
2024-11-12 17:28:05.698 [main] INFO  com.globant.academy.repository.CustomerRepository - Customer created successfully!
2024-11-12 17:28:05.704 [main] INFO  com.globant.academy.repository.CustomerRepository - Customer updated successfully!
2024-11-12 17:36:51.183 [main] INFO  com.globant.academy.repository.CustomerRepository - Customer created successfully!
2024-11-12 17:36:51.256 [main] INFO  com.globant.academy.repository.CustomerRepository - Customer created successfully!
2024-11-12 17:36:51.256 [main] INFO  com.globant.academy.repository.CustomerRepository - Customer deleted successfully!
2024-11-12 17:36:51.264 [main] INFO  com.globant.academy.repository.CustomerRepository - Customer created successfully!
2024-11-12 17:36:51.264 [main] INFO  com.globant.academy.repository.CustomerRepository - Customer updated successfully!
2024-11-12 17:37:01.373 [main] INFO  com.globant.academy.repository.ProductRepository - Product created successfully!
2024-11-12 17:37:01.380 [main] INFO  com.globant.academy.repository.ProductRepository - Product created successfully!
2024-11-12 17:37:01.453 [main] INFO  com.globant.academy.repository.ProductRepository - Product created successfully!
2024-11-12 17:37:01.481 [main] INFO  com.globant.academy.repository.ProductRepository - Product created successfully!
2024-11-12 17:37:01.486 [main] INFO  com.globant.academy.repository.ProductRepository - Product updated successfully
2024-11-12 17:37:13.446 [main] INFO  com.globant.academy.repository.ShoppingCartRepository - Cart created successfully!
2024-11-12 17:49:14.821 [main] INFO  com.globant.academy.repository.CustomerRepository - Customer created successfully!
2024-11-12 17:49:14.884 [main] INFO  com.globant.academy.repository.CustomerRepository - Customer created successfully!
2024-11-12 17:49:14.886 [main] INFO  com.globant.academy.repository.CustomerRepository - Customer deleted successfully!
2024-11-12 17:49:14.897 [main] INFO  com.globant.academy.repository.CustomerRepository - Customer created successfully!
2024-11-12 17:49:14.897 [main] INFO  com.globant.academy.repository.CustomerRepository - Customer updated successfully!
